0 info it worked if it ends with ok
1 verbose cli [ '/usr/local/node/bin/node',
1 verbose cli   '/usr/local/node/bin/npm',
1 verbose cli   'run',
1 verbose cli   'nss' ]
2 info using npm@1.4.3
3 info using node@v0.10.26
4 error Error: ENOENT, open '/Users/Rachel/Documents/Code/package.json'
5 error If you need help, you may report this *entire* log,
5 error including the npm and node versions, at:
5 error     <http://github.com/npm/npm/issues>
6 error System Darwin 12.5.0
7 error command "/usr/local/node/bin/node" "/usr/local/node/bin/npm" "run" "nss"
8 error cwd /Users/Rachel/Documents/Code
9 error node -v v0.10.26
10 error npm -v 1.4.3
11 error path /Users/Rachel/Documents/Code/package.json
12 error code ENOENT
13 error errno 34
14 verbose exit [ 34, true ]
